2021-06-06 17:43:03.124 - INFO - 4753 - azureml.train.automl._experiment_drivers.driver_utilities.modify_run_configuration:199 - Package azureml-train-automl missing from dependencies file.
2021-06-06 17:43:03.124 - INFO - 4753 - azureml.train.automl._experiment_drivers.driver_utilities.modify_run_configuration:205 - Using pinned version: azureml-train-automl==1.27.0.*
2021-06-06 17:43:03.126 - INFO - 4753 - azureml.train.automl._experiment_drivers.driver_utilities.modify_run_configuration:199 - Package pandas missing from dependencies file.
2021-06-06 17:43:03.126 - INFO - 4753 - azureml.train.automl._experiment_drivers.driver_utilities.modify_run_configuration:205 - Using pinned version: pandas==0.25.1
2021-06-06 17:43:03.127 - INFO - 4753 - azureml.train.automl._experiment_drivers.driver_utilities.modify_run_configuration:199 - Package psutil missing from dependencies file.
2021-06-06 17:43:03.127 - INFO - 4753 - azureml.train.automl._experiment_drivers.driver_utilities.modify_run_configuration:205 - Using pinned version: psutil>5.0.0,<6.0.0
2021-06-06 17:43:03.127 - INFO - 4753 - azureml.train.automl._experiment_drivers.driver_utilities.modify_run_configuration:199 - Package scikit-learn missing from dependencies file.
2021-06-06 17:43:03.128 - INFO - 4753 - azureml.train.automl._experiment_drivers.driver_utilities.modify_run_configuration:205 - Using pinned version: scikit-learn==0.22.1
2021-06-06 17:43:03.128 - INFO - 4753 - azureml.train.automl._experiment_drivers.driver_utilities.modify_run_configuration:199 - Package numpy missing from dependencies file.
2021-06-06 17:43:03.128 - INFO - 4753 - azureml.train.automl._experiment_drivers.driver_utilities.modify_run_configuration:205 - Using pinned version: numpy~=1.18.0
2021-06-06 17:43:03.129 - INFO - 4753 - azureml.train.automl._experiment_drivers.driver_utilities.modify_run_configuration:199 - Package py-xgboost missing from dependencies file.
2021-06-06 17:43:03.129 - INFO - 4753 - azureml.train.automl._experiment_drivers.driver_utilities.modify_run_configuration:205 - Using pinned version: py-xgboost<=0.90
2021-06-06 17:43:03.129 - INFO - 4753 - azureml.train.automl._experiment_drivers.driver_utilities.modify_run_configuration:199 - Package inference-schema missing from dependencies file.
2021-06-06 17:43:03.130 - INFO - 4753 - azureml.train.automl._experiment_drivers.driver_utilities.modify_run_configuration:199 - Package fbprophet missing from dependencies file.
2021-06-06 17:43:03.130 - INFO - 4753 - azureml.train.automl._experiment_drivers.driver_utilities.modify_run_configuration:205 - Using pinned version: fbprophet==0.5
2021-06-06 17:43:03.131 - INFO - 4753 - azureml.train.automl._experiment_drivers.driver_utilities.modify_run_configuration:199 - Package setuptools-git missing from dependencies file.
2021-06-06 17:43:03.131 - INFO - 4753 - azureml.train.automl._experiment_drivers.driver_utilities.modify_run_configuration:209 - Using installed version: setuptools-git==1.2
2021-06-06 17:43:03.133 - INFO - 4753 - azureml.automl.core.dataset_utilities._save_datasets_to_json:131 - JSON serialization of input of type <class 'NoneType'> is un-supported.
2021-06-06 17:43:03.134 - INFO - 4753 - azureml.train.automl._experiment_drivers.driver_utilities.validate_input:124 - Start data validation.
2021-06-06 17:43:06.617 - INFO - 4753 - azureml.train.automl._experiment_drivers.driver_utilities.validate_input:137 - Validation service found the data has no errors.
2021-06-06 17:43:06.619 - INFO - 4753 - azureml.train.automl._experiment_drivers.driver_utilities.create_remote_parent_run:381 - Start creating parent run.
2021-06-06 17:43:06.949 - INFO - 4753 - azureml.train.automl._experiment_drivers.driver_utilities.create_remote_parent_run:401 - [ParentRunID:AutoML_4856706b-f97b-4d6e-b3b8-91a9fe4049d7] Remote run using input X and y.
2021-06-06 17:43:07.239 - INFO - 4753 - azureml.train.automl._experiment_drivers.driver_utilities.start_remote_run:336 - Starting a snapshot run (snapshot_id : None)
