2021-05-29 15:58:08,175|azureml|DEBUG|Inputs:: kwargs: {'OutputCollection': True, 'EnableMLflowTracking': True, 'snapshotProject': True}, track_folders: None, deny_list: None, directories_to_watch: ['logs', 'logs/azureml']
2021-05-29 15:58:08,179|azureml.history._tracking.PythonWorkingDirectory|DEBUG|Execution target type: none
2021-05-29 15:58:08,179|azureml.history._tracking.PythonWorkingDirectory|DEBUG|Failed to import pyspark with error: No module named 'pyspark'
2021-05-29 15:58:08,179|azureml.history._tracking.PythonWorkingDirectory.workingdir|DEBUG|Pinning working directory for filesystems: ['pyfs']
2021-05-29 15:58:09,573|azureml.core.run|DEBUG|Adding new factory <function ScriptRun._from_run_dto at 0x7f80aa9f0ae8> for run source azureml.scriptrun
2021-05-29 15:58:09,574|azureml.core.run|DEBUG|Identity in use is not set. Falling back to using AMLToken
2021-05-29 15:58:09,574|azureml.core.run|DEBUG|Using AMLToken auth for remote run
2021-05-29 15:58:09,583|azureml.core.authentication.TokenRefresherDaemon|DEBUG|Starting daemon and triggering first instance
2021-05-29 15:58:09,593|azureml._restclient.clientbase|INFO|Created a worker pool for first use
2021-05-29 15:58:09,593|azureml.core.authentication|DEBUG|Time to expire 1814391.406764 seconds
2021-05-29 15:58:09,593|azureml._restclient.service_context|DEBUG|Created a static thread pool for ServiceContext class
2021-05-29 15:58:09,593|azureml._base_sdk_common.service_discovery|DEBUG|Found history service url in environment variable AZUREML_SERVICE_ENDPOINT, history service url: https://westus2.api.azureml.ms.
2021-05-29 15:58:09,594|azureml._base_sdk_common.service_discovery|DEBUG|Found history service url in environment variable AZUREML_SERVICE_ENDPOINT, history service url: https://westus2.api.azureml.ms.
2021-05-29 15:58:09,594|azureml._base_sdk_common.service_discovery|DEBUG|Found history service url in environment variable AZUREML_SERVICE_ENDPOINT, history service url: https://westus2.api.azureml.ms.
2021-05-29 15:58:09,594|azureml._base_sdk_common.service_discovery|DEBUG|Found history service url in environment variable AZUREML_SERVICE_ENDPOINT, history service url: https://westus2.api.azureml.ms.
2021-05-29 15:58:09,594|azureml._base_sdk_common.service_discovery|DEBUG|Found history service url in environment variable AZUREML_SERVICE_ENDPOINT, history service url: https://westus2.api.azureml.ms.
2021-05-29 15:58:09,594|azureml._base_sdk_common.service_discovery|DEBUG|Found history service url in environment variable AZUREML_SERVICE_ENDPOINT, history service url: https://westus2.api.azureml.ms.
2021-05-29 15:58:09,595|azureml._base_sdk_common.service_discovery|DEBUG|Found history service url in environment variable AZUREML_SERVICE_ENDPOINT, history service url: https://westus2.api.azureml.ms.
2021-05-29 15:58:09,651|azureml._SubmittedRun#mslearn-diabetes_1622303880_efb65d61.RunHistoryFacade.RunClient.get_by_exp_id-async:False|DEBUG|[START]
2021-05-29 15:58:09,652|azureml._SubmittedRun#mslearn-diabetes_1622303880_efb65d61.RunHistoryFacade.RunClient|DEBUG|ClientBase: Calling get_by_exp_id with url /history/v1.0/subscriptions/{subscriptionId}/resourceGroups/{resourceGroupName}/providers/Microsoft.MachineLearningServices/workspaces/{workspaceName}/experimentids/{experimentId}/runs/{runId}
2021-05-29 15:58:09,735|azureml._SubmittedRun#mslearn-diabetes_1622303880_efb65d61.RunHistoryFacade.RunClient.get_by_exp_id-async:False|DEBUG|[STOP]
2021-05-29 15:58:09,736|azureml._SubmittedRun#mslearn-diabetes_1622303880_efb65d61|DEBUG|Constructing run from dto. type: azureml.scriptrun, source: None, props: {'_azureml.ComputeTargetType': 'local', 'ContentSnapshotId': 'eb948454-8578-47a6-811f-a416b7372859', 'azureml.git.repository_uri': 'https://github.com/MicrosoftLearning/mslearn-dp100', 'mlflow.source.git.repoURL': 'https://github.com/MicrosoftLearning/mslearn-dp100', 'azureml.git.branch': 'main', 'mlflow.source.git.branch': 'main', 'azureml.git.commit': '4b2d8f846113907a4c4feaad879dec4ce40aa3f1', 'mlflow.source.git.commit': '4b2d8f846113907a4c4feaad879dec4ce40aa3f1', 'azureml.git.dirty': 'True'}
2021-05-29 15:58:09,736|azureml._SubmittedRun#mslearn-diabetes_1622303880_efb65d61.RunContextManager|DEBUG|Valid logs dir, setting up content loader
2021-05-29 15:58:09,737|azureml|WARNING|Could not import azureml.mlflow or azureml.contrib.mlflow mlflow APIs will not run against AzureML services.  Add azureml-mlflow as a conda dependency for the run if this behavior is desired
2021-05-29 15:58:09,737|azureml.WorkerPool|DEBUG|[START]
2021-05-29 15:58:09,737|azureml.SendRunKillSignal|DEBUG|[START]
2021-05-29 15:58:09,737|azureml.RunStatusContext|DEBUG|[START]
2021-05-29 15:58:09,737|azureml._SubmittedRun#mslearn-diabetes_1622303880_efb65d61.RunContextManager.RunStatusContext|DEBUG|[START]
2021-05-29 15:58:09,737|azureml.MetricsClient|DEBUG|[START]
2021-05-29 15:58:09,737|azureml._SubmittedRun#mslearn-diabetes_1622303880_efb65d61.RunHistoryFacade.MetricsClient|DEBUG|[START]
2021-05-29 15:58:09,737|azureml.ContentUploader|DEBUG|[START]
2021-05-29 15:58:09,738|azureml._history.utils.context_managers|DEBUG|starting file watcher
2021-05-29 15:58:09,739|azureml._history.utils.context_managers.FileWatcher.UploadQueue|DEBUG|[Start]
2021-05-29 15:58:09,739|azureml.TrackFolders|DEBUG|[START]
2021-05-29 15:58:09,739|azureml.WorkingDirectoryCM|DEBUG|[START]
2021-05-29 15:58:09,739|azureml.history._tracking.PythonWorkingDirectory.workingdir|DEBUG|[START]
2021-05-29 15:58:09,740|azureml.history._tracking.PythonWorkingDirectory|INFO|Current working dir: /tmp/azureml_runs/mslearn-diabetes_1622303880_efb65d61
2021-05-29 15:58:09,740|azureml.history._tracking.PythonWorkingDirectory.workingdir|DEBUG|Calling pyfs
2021-05-29 15:58:09,740|azureml.history._tracking.PythonWorkingDirectory.workingdir|DEBUG|Storing working dir for pyfs as /tmp/azureml_runs/mslearn-diabetes_1622303880_efb65d61
2021-05-29 15:58:09,741|azureml._SubmittedRun#mslearn-diabetes_1622303880_efb65d61.RunHistoryFacade.ArtifactsClient.batch_create_empty_artifacts-async:False|DEBUG|[START]
2021-05-29 15:58:09,741|azureml._SubmittedRun#mslearn-diabetes_1622303880_efb65d61.RunHistoryFacade.ArtifactsClient|DEBUG|ClientBase: Calling batch_create_empty_artifacts with url /artifact/v2.0/subscriptions/{subscriptionId}/resourceGroups/{resourceGroupName}/providers/Microsoft.MachineLearningServices/workspaces/{workspaceName}/artifacts/batch/metadata/{origin}/{container}
2021-05-29 15:58:09,938|azureml._SubmittedRun#mslearn-diabetes_1622303880_efb65d61.RunHistoryFacade.ArtifactsClient.batch_create_empty_artifacts-async:False|DEBUG|[STOP]
2021-05-29 15:58:10,044|azureml._history.utils.context_managers.FileWatcher|DEBUG|uploading data to container: azureml blob: ExperimentRun/dcid.mslearn-diabetes_1622303880_efb65d61/logs/azureml/3764_azureml.log path: /tmp/azureml_runs/mslearn-diabetes_1622303880_efb65d61/logs/azureml/3764_azureml.log
2021-05-29 15:58:10,052|azureml._history.utils.context_managers.FileWatcher.UploadQueue.WorkerPool|DEBUG|submitting future: result
2021-05-29 15:58:10,059|azureml._history.utils.context_managers.FileWatcher.UploadQueue.0_result|DEBUG|Using basic handler - no exception handling
2021-05-29 15:58:10,059|azureml._history.utils.context_managers.FileWatcher.UploadQueue|DEBUG|Adding task 0_result to queue of approximate size: 0
2021-05-29 15:58:10,945|azureml.core.run|DEBUG|Identity in use is not set. Falling back to using AMLToken
2021-05-29 15:58:10,945|azureml.core.run|DEBUG|Using AMLToken auth for remote run
2021-05-29 15:58:10,945|azureml._restclient.service_context|DEBUG|Access an existing static threadpool for ServiceContext class
2021-05-29 15:58:10,945|azureml._base_sdk_common.service_discovery|DEBUG|Found history service url in environment variable AZUREML_SERVICE_ENDPOINT, history service url: https://westus2.api.azureml.ms.
2021-05-29 15:58:10,946|azureml._base_sdk_common.service_discovery|DEBUG|Found history service url in environment variable AZUREML_SERVICE_ENDPOINT, history service url: https://westus2.api.azureml.ms.
2021-05-29 15:58:10,946|azureml._base_sdk_common.service_discovery|DEBUG|Found history service url in environment variable AZUREML_SERVICE_ENDPOINT, history service url: https://westus2.api.azureml.ms.
2021-05-29 15:58:10,946|azureml._base_sdk_common.service_discovery|DEBUG|Found history service url in environment variable AZUREML_SERVICE_ENDPOINT, history service url: https://westus2.api.azureml.ms.
2021-05-29 15:58:10,946|azureml._base_sdk_common.service_discovery|DEBUG|Found history service url in environment variable AZUREML_SERVICE_ENDPOINT, history service url: https://westus2.api.azureml.ms.
2021-05-29 15:58:10,946|azureml._base_sdk_common.service_discovery|DEBUG|Found history service url in environment variable AZUREML_SERVICE_ENDPOINT, history service url: https://westus2.api.azureml.ms.
2021-05-29 15:58:10,946|azureml._base_sdk_common.service_discovery|DEBUG|Found history service url in environment variable AZUREML_SERVICE_ENDPOINT, history service url: https://westus2.api.azureml.ms.
2021-05-29 15:58:10,981|azureml._SubmittedRun#mslearn-diabetes_1622303880_efb65d61.RunHistoryFacade.RunClient.get_by_exp_id-async:False|DEBUG|[START]
2021-05-29 15:58:10,982|azureml._SubmittedRun#mslearn-diabetes_1622303880_efb65d61.RunHistoryFacade.RunClient|DEBUG|ClientBase: Calling get_by_exp_id with url /history/v1.0/subscriptions/{subscriptionId}/resourceGroups/{resourceGroupName}/providers/Microsoft.MachineLearningServices/workspaces/{workspaceName}/experimentids/{experimentId}/runs/{runId}
2021-05-29 15:58:11,068|azureml._SubmittedRun#mslearn-diabetes_1622303880_efb65d61.RunHistoryFacade.RunClient.get_by_exp_id-async:False|DEBUG|[STOP]
2021-05-29 15:58:11,069|azureml._SubmittedRun#mslearn-diabetes_1622303880_efb65d61|DEBUG|Constructing run from dto. type: azureml.scriptrun, source: None, props: {'_azureml.ComputeTargetType': 'local', 'ContentSnapshotId': 'eb948454-8578-47a6-811f-a416b7372859', 'azureml.git.repository_uri': 'https://github.com/MicrosoftLearning/mslearn-dp100', 'mlflow.source.git.repoURL': 'https://github.com/MicrosoftLearning/mslearn-dp100', 'azureml.git.branch': 'main', 'mlflow.source.git.branch': 'main', 'azureml.git.commit': '4b2d8f846113907a4c4feaad879dec4ce40aa3f1', 'mlflow.source.git.commit': '4b2d8f846113907a4c4feaad879dec4ce40aa3f1', 'azureml.git.dirty': 'True'}
2021-05-29 15:58:11,070|azureml._SubmittedRun#mslearn-diabetes_1622303880_efb65d61.RunContextManager|DEBUG|Valid logs dir, setting up content loader
2021-05-29 15:58:11,098|azureml._SubmittedRun#mslearn-diabetes_1622303880_efb65d61.RunHistoryFacade.MetricsClient|DEBUG|Overrides: Max batch size: 50, batch cushion: 5, Interval: 1.
2021-05-29 15:58:11,099|azureml._SubmittedRun#mslearn-diabetes_1622303880_efb65d61.RunHistoryFacade.MetricsClient.PostMetricsBatchV2.PostMetricsBatchV2Daemon|DEBUG|Starting daemon and triggering first instance
2021-05-29 15:58:11,099|azureml._SubmittedRun#mslearn-diabetes_1622303880_efb65d61.RunHistoryFacade.MetricsClient|DEBUG|Used <class 'azureml._common.async_utils.batch_task_queue.BatchTaskQueue'> for use_batch=True.
2021-05-29 15:58:11,125|azureml._SubmittedRun#mslearn-diabetes_1622303880_efb65d61|INFO|complete is not setting status for submitted runs.
2021-05-29 15:58:11,125|azureml._SubmittedRun#mslearn-diabetes_1622303880_efb65d61.RunHistoryFacade.MetricsClient.FlushingMetricsClient|DEBUG|[START]
2021-05-29 15:58:11,125|azureml._SubmittedRun#mslearn-diabetes_1622303880_efb65d61.RunHistoryFacade.MetricsClient|DEBUG|Overrides: Max batch size: 50, batch cushion: 5, Interval: 1.
2021-05-29 15:58:11,125|azureml._SubmittedRun#mslearn-diabetes_1622303880_efb65d61.RunHistoryFacade.MetricsClient.PostMetricsBatch.PostMetricsBatchDaemon|DEBUG|Starting daemon and triggering first instance
2021-05-29 15:58:11,125|azureml._SubmittedRun#mslearn-diabetes_1622303880_efb65d61.RunHistoryFacade.MetricsClient|DEBUG|Used <class 'azureml._common.async_utils.batch_task_queue.BatchTaskQueue'> for use_batch=True.
2021-05-29 15:58:11,125|azureml._SubmittedRun#mslearn-diabetes_1622303880_efb65d61.RunHistoryFacade.MetricsClient.PostMetricsBatch.WaitFlushSource:MetricsClient|DEBUG|[START]
2021-05-29 15:58:11,125|azureml._SubmittedRun#mslearn-diabetes_1622303880_efb65d61.RunHistoryFacade.MetricsClient.PostMetricsBatch.WaitFlushSource:MetricsClient|DEBUG|flush timeout 300 is different from task queue timeout 120, using flush timeout
2021-05-29 15:58:11,126|azureml._SubmittedRun#mslearn-diabetes_1622303880_efb65d61.RunHistoryFacade.MetricsClient.PostMetricsBatch.WaitFlushSource:MetricsClient|DEBUG|Waiting 300 seconds on tasks: [].
2021-05-29 15:58:11,126|azureml._SubmittedRun#mslearn-diabetes_1622303880_efb65d61.RunHistoryFacade.MetricsClient.PostMetricsBatch|DEBUG|
2021-05-29 15:58:11,126|azureml._SubmittedRun#mslearn-diabetes_1622303880_efb65d61.RunHistoryFacade.MetricsClient.PostMetricsBatch.WaitFlushSource:MetricsClient|DEBUG|[STOP]
2021-05-29 15:58:11,126|azureml.BatchTaskQueueAdd_1_Batches|DEBUG|[Start]
2021-05-29 15:58:11,126|azureml.BatchTaskQueueAdd_1_Batches.WorkerPool|DEBUG|submitting future: _handle_batch
2021-05-29 15:58:11,127|azureml._SubmittedRun#mslearn-diabetes_1622303880_efb65d61.RunHistoryFacade.MetricsClient.PostMetricsBatchV2|DEBUG|Batch size 3.
2021-05-29 15:58:11,127|azureml.BatchTaskQueueAdd_1_Batches.0__handle_batch|DEBUG|Using basic handler - no exception handling
2021-05-29 15:58:11,127|azureml._restclient.service_context.WorkerPool|DEBUG|submitting future: _log_batch_v2
2021-05-29 15:58:11,127|azureml.BatchTaskQueueAdd_1_Batches|DEBUG|Adding task 0__handle_batch to queue of approximate size: 0
2021-05-29 15:58:11,127|azureml.BatchTaskQueueAdd_1_Batches|DEBUG|[Stop] - waiting default timeout
2021-05-29 15:58:11,127|azureml.BatchTaskQueueAdd_1_Batches.WaitFlushSource:BatchTaskQueueAdd_1_Batches|DEBUG|[START]
2021-05-29 15:58:11,127|azureml.BatchTaskQueueAdd_1_Batches.WaitFlushSource:BatchTaskQueueAdd_1_Batches|DEBUG|Overriding default flush timeout from None to 120
2021-05-29 15:58:11,127|azureml.BatchTaskQueueAdd_1_Batches.WaitFlushSource:BatchTaskQueueAdd_1_Batches|DEBUG|Waiting 120 seconds on tasks: [AsyncTask(0__handle_batch)].
2021-05-29 15:58:11,128|azureml._SubmittedRun#mslearn-diabetes_1622303880_efb65d61.RunHistoryFacade.MetricsClient|DEBUG|Metrics Client: _log_batch_v2 is calling post_run_metrics posting 3 values.
2021-05-29 15:58:11,128|azureml._SubmittedRun#mslearn-diabetes_1622303880_efb65d61.RunHistoryFacade.MetricsClient._post_run_metrics_log_failed_validations-async:False|DEBUG|[START]
2021-05-29 15:58:11,128|azureml._SubmittedRun#mslearn-diabetes_1622303880_efb65d61.RunHistoryFacade.MetricsClient|DEBUG|ClientBase: Calling _post_run_metrics_log_failed_validations with url None
2021-05-29 15:58:11,132|azureml._SubmittedRun#mslearn-diabetes_1622303880_efb65d61.RunHistoryFacade.MetricsClient.PostMetricsBatchV2.0__log_batch_v2|DEBUG|Using basic handler - no exception handling
2021-05-29 15:58:11,132|azureml._SubmittedRun#mslearn-diabetes_1622303880_efb65d61.RunHistoryFacade.MetricsClient.PostMetricsBatchV2|DEBUG|Adding task 0__log_batch_v2 to queue of approximate size: 0
2021-05-29 15:58:11,367|azureml._SubmittedRun#mslearn-diabetes_1622303880_efb65d61.RunHistoryFacade.MetricsClient._post_run_metrics_log_failed_validations-async:False|DEBUG|[STOP]
2021-05-29 15:58:11,378|azureml.BatchTaskQueueAdd_1_Batches.0__handle_batch.WaitingTask|DEBUG|[START]
2021-05-29 15:58:11,378|azureml.BatchTaskQueueAdd_1_Batches.0__handle_batch.WaitingTask|DEBUG|Awaiter is BatchTaskQueueAdd_1_Batches
2021-05-29 15:58:11,378|azureml.BatchTaskQueueAdd_1_Batches.0__handle_batch.WaitingTask|DEBUG|[STOP]
2021-05-29 15:58:11,378|azureml.BatchTaskQueueAdd_1_Batches|DEBUG|Waiting on task: 0__handle_batch.
1 tasks left. Current duration of flush 9.512901306152344e-05 seconds.

2021-05-29 15:58:11,378|azureml.BatchTaskQueueAdd_1_Batches.WaitFlushSource:BatchTaskQueueAdd_1_Batches|DEBUG|[STOP]
2021-05-29 15:58:11,378|azureml._SubmittedRun#mslearn-diabetes_1622303880_efb65d61.RunHistoryFacade.MetricsClient.PostMetricsBatchV2.WaitFlushSource:MetricsClient|DEBUG|[START]
2021-05-29 15:58:11,379|azureml._SubmittedRun#mslearn-diabetes_1622303880_efb65d61.RunHistoryFacade.MetricsClient.PostMetricsBatchV2.WaitFlushSource:MetricsClient|DEBUG|flush timeout 300 is different from task queue timeout 120, using flush timeout
2021-05-29 15:58:11,379|azureml._SubmittedRun#mslearn-diabetes_1622303880_efb65d61.RunHistoryFacade.MetricsClient.PostMetricsBatchV2.WaitFlushSource:MetricsClient|DEBUG|Waiting 300 seconds on tasks: [AsyncTask(0__log_batch_v2)].
2021-05-29 15:58:11,379|azureml._SubmittedRun#mslearn-diabetes_1622303880_efb65d61.RunHistoryFacade.MetricsClient.PostMetricsBatchV2.0__log_batch_v2.WaitingTask|DEBUG|[START]
2021-05-29 15:58:11,379|azureml._SubmittedRun#mslearn-diabetes_1622303880_efb65d61.RunHistoryFacade.MetricsClient.PostMetricsBatchV2.0__log_batch_v2.WaitingTask|DEBUG|Awaiter is PostMetricsBatchV2
2021-05-29 15:58:11,379|azureml._SubmittedRun#mslearn-diabetes_1622303880_efb65d61.RunHistoryFacade.MetricsClient.PostMetricsBatchV2.0__log_batch_v2.WaitingTask|DEBUG|[STOP]
2021-05-29 15:58:11,379|azureml._SubmittedRun#mslearn-diabetes_1622303880_efb65d61.RunHistoryFacade.MetricsClient.PostMetricsBatchV2|DEBUG|
2021-05-29 15:58:11,379|azureml._SubmittedRun#mslearn-diabetes_1622303880_efb65d61.RunHistoryFacade.MetricsClient.PostMetricsBatchV2.WaitFlushSource:MetricsClient|DEBUG|[STOP]
2021-05-29 15:58:11,379|azureml._SubmittedRun#mslearn-diabetes_1622303880_efb65d61.RunHistoryFacade.MetricsClient.FlushingMetricsClient|DEBUG|[STOP]
2021-05-29 15:58:11,379|azureml._SubmittedRun#mslearn-diabetes_1622303880_efb65d61.RunHistoryFacade.MetricsClient.wait_on_ingest-async:False|DEBUG|[START]
2021-05-29 15:58:11,379|azureml._SubmittedRun#mslearn-diabetes_1622303880_efb65d61.RunHistoryFacade.MetricsClient|DEBUG|ClientBase: Calling wait_on_ingest with url /history/v1.0/subscriptions/{subscriptionId}/resourceGroups/{resourceGroupName}/providers/Microsoft.MachineLearningServices/workspaces/{workspaceName}/experiments/{experimentName}/runs/{runId}/metricsingest/wait
2021-05-29 15:58:11,434|azureml._SubmittedRun#mslearn-diabetes_1622303880_efb65d61.RunHistoryFacade.MetricsClient.wait_on_ingest-async:False|DEBUG|[STOP]
2021-05-29 15:58:16,439|azureml._restclient.clientbase|DEBUG|ClientBase: Calling update_status with url None
2021-05-29 15:58:16,504|azureml.history._tracking.PythonWorkingDirectory.workingdir|DEBUG|Uploading tracked directories: [], excluding []
2021-05-29 15:58:16,504|azureml.history._tracking.PythonWorkingDirectory.workingdir|DEBUG|Calling track for pyfs
2021-05-29 15:58:16,617|azureml.history._tracking.PythonWorkingDirectory.workingdir|DEBUG|Calling pyfs
2021-05-29 15:58:16,618|azureml.history._tracking.PythonWorkingDirectory|INFO|Current working dir: /tmp/azureml_runs/mslearn-diabetes_1622303880_efb65d61
2021-05-29 15:58:16,618|azureml.history._tracking.PythonWorkingDirectory.workingdir|DEBUG|Reverting working dir from /tmp/azureml_runs/mslearn-diabetes_1622303880_efb65d61 to /tmp/azureml_runs/mslearn-diabetes_1622303880_efb65d61
2021-05-29 15:58:16,618|azureml.history._tracking.PythonWorkingDirectory|INFO|Working dir is already updated /tmp/azureml_runs/mslearn-diabetes_1622303880_efb65d61
2021-05-29 15:58:16,618|azureml.history._tracking.PythonWorkingDirectory.workingdir|DEBUG|[STOP]
2021-05-29 15:58:16,618|azureml.WorkingDirectoryCM|DEBUG|[STOP]
2021-05-29 15:58:16,618|azureml.history._tracking.PythonWorkingDirectory.workingdir|DEBUG|Uploading tracked directories: ['./outputs'], excluding ['azureml-logs/driver_log']
2021-05-29 15:58:16,618|azureml.history._tracking.PythonWorkingDirectory.workingdir|DEBUG|Calling track for pyfs
2021-05-29 15:58:16,618|azureml.history._tracking.PythonWorkingDirectory|DEBUG|./outputs exists as directory, uploading..
2021-05-29 15:58:16,618|azureml.history._tracking.PythonWorkingDirectory|DEBUG|Found and adding path to upload: ./outputs/sample.csv
2021-05-29 15:58:16,618|azureml.history._tracking.PythonWorkingDirectory|DEBUG|Paths to upload is ['./outputs/sample.csv'] in dir ./outputs
2021-05-29 15:58:16,618|azureml._SubmittedRun#mslearn-diabetes_1622303880_efb65d61.RunHistoryFacade.ArtifactsClient.upload_files|DEBUG|Overriding default timeout to 300
2021-05-29 15:58:16,618|azureml._SubmittedRun#mslearn-diabetes_1622303880_efb65d61.RunHistoryFacade.ArtifactsClient.upload_files|DEBUG|[Start]
2021-05-29 15:58:16,619|azureml._SubmittedRun#mslearn-diabetes_1622303880_efb65d61.RunHistoryFacade.ArtifactsClient.batch_create_empty_artifacts-async:False|DEBUG|[START]
2021-05-29 15:58:16,619|azureml._SubmittedRun#mslearn-diabetes_1622303880_efb65d61.RunHistoryFacade.ArtifactsClient|DEBUG|ClientBase: Calling batch_create_empty_artifacts with url /artifact/v2.0/subscriptions/{subscriptionId}/resourceGroups/{resourceGroupName}/providers/Microsoft.MachineLearningServices/workspaces/{workspaceName}/artifacts/batch/metadata/{origin}/{container}
2021-05-29 15:58:16,739|azureml._SubmittedRun#mslearn-diabetes_1622303880_efb65d61.RunHistoryFacade.ArtifactsClient.batch_create_empty_artifacts-async:False|DEBUG|[STOP]
2021-05-29 15:58:16,739|azureml._restclient.service_context.WorkerPool|DEBUG|submitting future: perform_upload
2021-05-29 15:58:16,740|azureml._SubmittedRun#mslearn-diabetes_1622303880_efb65d61.RunHistoryFacade.ArtifactsClient.upload_files.0_perform_upload|DEBUG|Using basic handler - no exception handling
2021-05-29 15:58:16,740|azureml._restclient.clientbase|DEBUG|ClientBase: Calling create_blob_from_stream with url None
2021-05-29 15:58:16,740|azureml._SubmittedRun#mslearn-diabetes_1622303880_efb65d61.RunHistoryFacade.ArtifactsClient.upload_files|DEBUG|Adding task 0_perform_upload to queue of approximate size: 0
2021-05-29 15:58:16,740|azureml._SubmittedRun#mslearn-diabetes_1622303880_efb65d61.RunHistoryFacade.ArtifactsClient.upload_files|DEBUG|[Stop] - waiting default timeout
2021-05-29 15:58:16,740|azureml._SubmittedRun#mslearn-diabetes_1622303880_efb65d61.RunHistoryFacade.ArtifactsClient.upload_files.WaitFlushSource:upload_files|DEBUG|[START]
2021-05-29 15:58:16,740|azureml._SubmittedRun#mslearn-diabetes_1622303880_efb65d61.RunHistoryFacade.ArtifactsClient.upload_files.WaitFlushSource:upload_files|DEBUG|Overriding default flush timeout from None to 300
2021-05-29 15:58:16,741|azureml._SubmittedRun#mslearn-diabetes_1622303880_efb65d61.RunHistoryFacade.ArtifactsClient.upload_files.WaitFlushSource:upload_files|DEBUG|Waiting 300 seconds on tasks: [AsyncTask(0_perform_upload)].
2021-05-29 15:58:16,779|azureml._file_utils.upload|DEBUG|Uploaded blob ExperimentRun/dcid.mslearn-diabetes_1622303880_efb65d61/outputs/sample.csv with size 5586, file size 5586.
2021-05-29 15:58:16,991|azureml._SubmittedRun#mslearn-diabetes_1622303880_efb65d61.RunHistoryFacade.ArtifactsClient.upload_files.0_perform_upload.WaitingTask|DEBUG|[START]
2021-05-29 15:58:16,991|azureml._SubmittedRun#mslearn-diabetes_1622303880_efb65d61.RunHistoryFacade.ArtifactsClient.upload_files.0_perform_upload.WaitingTask|DEBUG|Awaiter is upload_files
2021-05-29 15:58:16,991|azureml._SubmittedRun#mslearn-diabetes_1622303880_efb65d61.RunHistoryFacade.ArtifactsClient.upload_files.0_perform_upload.WaitingTask|DEBUG|[STOP]
2021-05-29 15:58:16,991|azureml._SubmittedRun#mslearn-diabetes_1622303880_efb65d61.RunHistoryFacade.ArtifactsClient.upload_files|DEBUG|Waiting on task: 0_perform_upload.
1 tasks left. Current duration of flush 9.751319885253906e-05 seconds.

2021-05-29 15:58:16,991|azureml._SubmittedRun#mslearn-diabetes_1622303880_efb65d61.RunHistoryFacade.ArtifactsClient.upload_files.WaitFlushSource:upload_files|DEBUG|[STOP]
2021-05-29 15:58:16,992|azureml.TrackFolders|DEBUG|[STOP]
2021-05-29 15:58:16,992|azureml._history.utils.context_managers|DEBUG|exiting ContentUploader, waiting for file_watcher to finish upload...
2021-05-29 15:58:16,992|azureml._history.utils.context_managers.FileWatcher|DEBUG|FileWatcher called finish, setting event
2021-05-29 15:58:16,992|azureml._history.utils.context_managers.FileWatcher|DEBUG|FileWatcher received exit event, getting current_stat
2021-05-29 15:58:16,992|azureml._history.utils.context_managers.FileWatcher.UploadQueue.WorkerPool|DEBUG|submitting future: result
2021-05-29 15:58:16,993|azureml._history.utils.context_managers.FileWatcher.UploadQueue.1_result|DEBUG|Using basic handler - no exception handling
2021-05-29 15:58:16,993|azureml._history.utils.context_managers.FileWatcher.UploadQueue|DEBUG|Adding task 1_result to queue of approximate size: 1
2021-05-29 15:58:16,993|azureml._history.utils.context_managers.FileWatcher|DEBUG|FileWatcher retrieved current_stat, will upload to current_stat
2021-05-29 15:58:16,993|azureml._history.utils.context_managers.FileWatcher|DEBUG|FileWatcher uploading files to current_stat...
2021-05-29 15:58:16,993|azureml._history.utils.context_managers.FileWatcher|DEBUG|FileWatcher uploading files to current_stat...
2021-05-29 15:58:16,997|azureml._history.utils.context_managers.FileWatcher|DEBUG|FileWatcher uploading files to current_stat...
2021-05-29 15:58:16,997|azureml._history.utils.context_managers.FileWatcher|DEBUG|FileWatcher uploading files to current_stat...
2021-05-29 15:58:16,998|azureml._history.utils.context_managers.FileWatcher|DEBUG|FileWatcher uploading files to current_stat...
2021-05-29 15:58:16,998|azureml._history.utils.context_managers.FileWatcher|DEBUG|FileWatcher uploading files to current_stat...
2021-05-29 15:58:16,998|azureml._history.utils.context_managers.FileWatcher|DEBUG|FileWatcher uploading files to current_stat...
2021-05-29 15:58:16,998|azureml._history.utils.context_managers.FileWatcher|DEBUG|FileWatcher uploading files to current_stat...
2021-05-29 15:58:16,998|azureml._history.utils.context_managers.FileWatcher|DEBUG|FileWatcher uploading files to current_stat...
2021-05-29 15:58:16,998|azureml._history.utils.context_managers.FileWatcher|DEBUG|FileWatcher uploading files to current_stat...
2021-05-29 15:58:16,999|azureml._history.utils.context_managers.FileWatcher|DEBUG|FileWatcher uploading files to current_stat...
2021-05-29 15:58:16,999|azureml._history.utils.context_managers.FileWatcher|DEBUG|FileWatcher uploading files to current_stat...
2021-05-29 15:58:16,999|azureml._history.utils.context_managers.FileWatcher|DEBUG|FileWatcher uploading files to current_stat...
2021-05-29 15:58:16,999|azureml._history.utils.context_managers.FileWatcher|DEBUG|FileWatcher uploading files to current_stat...
2021-05-29 15:58:16,999|azureml._history.utils.context_managers.FileWatcher|DEBUG|FileWatcher uploading files to current_stat...
2021-05-29 15:58:16,999|azureml._history.utils.context_managers.FileWatcher|DEBUG|FileWatcher uploading files to current_stat...
2021-05-29 15:58:17,000|azureml._history.utils.context_managers.FileWatcher|DEBUG|FileWatcher uploading files to current_stat...
2021-05-29 15:58:17,000|azureml._history.utils.context_managers.FileWatcher|DEBUG|FileWatcher uploading files to current_stat...
2021-05-29 15:58:17,000|azureml._history.utils.context_managers.FileWatcher|DEBUG|FileWatcher uploading files to current_stat...
2021-05-29 15:58:17,000|azureml._history.utils.context_managers.FileWatcher|DEBUG|FileWatcher uploading files to current_stat...
2021-05-29 15:58:17,000|azureml._history.utils.context_managers.FileWatcher|DEBUG|FileWatcher uploading files to current_stat...
2021-05-29 15:58:17,000|azureml._history.utils.context_managers.FileWatcher|DEBUG|FileWatcher uploading files to current_stat...
2021-05-29 15:58:17,001|azureml._history.utils.context_managers.FileWatcher|DEBUG|FileWatcher uploading files to current_stat...
2021-05-29 15:58:17,001|azureml._history.utils.context_managers.FileWatcher|DEBUG|FileWatcher uploading files to current_stat...
2021-05-29 15:58:17,001|azureml._history.utils.context_managers.FileWatcher|DEBUG|FileWatcher uploading files to current_stat...
2021-05-29 15:58:17,001|azureml._history.utils.context_managers.FileWatcher|DEBUG|FileWatcher uploading files to current_stat...
2021-05-29 15:58:17,001|azureml._history.utils.context_managers.FileWatcher|DEBUG|FileWatcher uploading files to current_stat...
2021-05-29 15:58:17,003|azureml._history.utils.context_managers.FileWatcher.UploadQueue.WorkerPool|DEBUG|submitting future: result
2021-05-29 15:58:17,006|azureml._history.utils.context_managers.FileWatcher.UploadQueue.2_result|DEBUG|Using basic handler - no exception handling
2021-05-29 15:58:17,006|azureml._history.utils.context_managers.FileWatcher.UploadQueue|DEBUG|Adding task 2_result to queue of approximate size: 2
2021-05-29 15:58:17,006|azureml._history.utils.context_managers.FileWatcher|DEBUG|FileWatcher finished uploading to current_stat, finishing task queue
2021-05-29 15:58:17,006|azureml._history.utils.context_managers.FileWatcher.UploadQueue|DEBUG|[Stop] - waiting default timeout
2021-05-29 15:58:17,006|azureml._history.utils.context_managers.FileWatcher.UploadQueue.WaitFlushSource:UploadQueue|DEBUG|[START]
2021-05-29 15:58:17,006|azureml._history.utils.context_managers.FileWatcher.UploadQueue.WaitFlushSource:UploadQueue|DEBUG|Overriding default flush timeout from None to 120
2021-05-29 15:58:17,007|azureml._history.utils.context_managers.FileWatcher.UploadQueue.WaitFlushSource:UploadQueue|DEBUG|Waiting 120 seconds on tasks: [AsyncTask(0_result), AsyncTask(1_result), AsyncTask(2_result)].
2021-05-29 15:58:17,007|azureml._history.utils.context_managers.FileWatcher.UploadQueue.0_result.WaitingTask|DEBUG|[START]
2021-05-29 15:58:17,007|azureml._history.utils.context_managers.FileWatcher.UploadQueue.0_result.WaitingTask|DEBUG|Awaiter is UploadQueue
2021-05-29 15:58:17,007|azureml._history.utils.context_managers.FileWatcher.UploadQueue.0_result.WaitingTask|DEBUG|[STOP]
2021-05-29 15:58:17,007|azureml._history.utils.context_managers.FileWatcher.UploadQueue.1_result.WaitingTask|DEBUG|[START]
2021-05-29 15:58:17,007|azureml._history.utils.context_managers.FileWatcher.UploadQueue.1_result.WaitingTask|DEBUG|Awaiter is UploadQueue
2021-05-29 15:58:17,007|azureml._history.utils.context_managers.FileWatcher.UploadQueue.1_result.WaitingTask|DEBUG|[STOP]
2021-05-29 15:58:17,257|azureml._history.utils.context_managers.FileWatcher.UploadQueue.2_result.WaitingTask|DEBUG|[START]
2021-05-29 15:58:17,257|azureml._history.utils.context_managers.FileWatcher.UploadQueue.2_result.WaitingTask|DEBUG|Awaiter is UploadQueue
2021-05-29 15:58:17,257|azureml._history.utils.context_managers.FileWatcher.UploadQueue.2_result.WaitingTask|DEBUG|[STOP]
2021-05-29 15:58:17,258|azureml._history.utils.context_managers.FileWatcher.UploadQueue|DEBUG|Waiting on task: 2_result.
1 tasks left. Current duration of flush 0.00048422813415527344 seconds.

2021-05-29 15:58:17,258|azureml._history.utils.context_managers.FileWatcher.UploadQueue.WaitFlushSource:UploadQueue|DEBUG|[STOP]
